[2026-02-12T11:30:06.147+0000] {taskinstance.py:1956} INFO - Dependencies all met for dep_context=non-requeueable deps ti=<TaskInstance: bse_announcements_pipeline.process_announcements scheduled__2026-02-12T11:25:00+00:00 [queued]>
[2026-02-12T11:30:06.150+0000] {taskinstance.py:1956} INFO - Dependencies all met for dep_context=requeueable deps ti=<TaskInstance: bse_announcements_pipeline.process_announcements scheduled__2026-02-12T11:25:00+00:00 [queued]>
[2026-02-12T11:30:06.150+0000] {taskinstance.py:2170} INFO - Starting attempt 1 of 3
[2026-02-12T11:30:06.155+0000] {taskinstance.py:2191} INFO - Executing <Task(PythonOperator): process_announcements> on 2026-02-12 11:25:00+00:00
[2026-02-12T11:30:06.157+0000] {standard_task_runner.py:60} INFO - Started process 1631 to run task
[2026-02-12T11:30:06.159+0000] {standard_task_runner.py:87} INFO - Running: ['airflow', 'tasks', 'run', 'bse_announcements_pipeline', 'process_announcements', 'scheduled__2026-02-12T11:25:00+00:00', '--job-id', '107', '--raw', '--subdir', 'DAGS_FOLDER/bse_announcements_dag.py', '--cfg-path', '/tmp/tmp58vqyto8']
[2026-02-12T11:30:06.160+0000] {standard_task_runner.py:88} INFO - Job 107: Subtask process_announcements
[2026-02-12T11:30:06.178+0000] {task_command.py:423} INFO - Running <TaskInstance: bse_announcements_pipeline.process_announcements scheduled__2026-02-12T11:25:00+00:00 [running]> on host 717813d532d8
[2026-02-12T11:30:06.202+0000] {taskinstance.py:2480} INFO - Exporting env vars: AIRFLOW_CTX_DAG_OWNER='airflow' AIRFLOW_CTX_DAG_ID='bse_announcements_pipeline' AIRFLOW_CTX_TASK_ID='process_announcements' AIRFLOW_CTX_EXECUTION_DATE='2026-02-12T11:25:00+00:00' AIRFLOW_CTX_TRY_NUMBER='1' AIRFLOW_CTX_DAG_RUN_ID='scheduled__2026-02-12T11:25:00+00:00'
[2026-02-12T11:30:06.204+0000] {taskinstance.py:2698} ERROR - Task failed with exception
Traceback (most recent call last):
  File "/home/airflow/.local/lib/python3.11/site-packages/airflow/models/taskinstance.py", line 433, in _execute_task
    result = execute_callable(context=context, **execute_callable_kwargs)
             ^^^^^^^^^^^^^^^^^^^^^^^^^^^^^^^^^^^^^^^^^^^^^^^^^^^^^^^^^^^^
  File "/home/airflow/.local/lib/python3.11/site-packages/airflow/operators/python.py", line 199, in execute
    return_value = self.execute_callable()
                   ^^^^^^^^^^^^^^^^^^^^^^^
  File "/home/airflow/.local/lib/python3.11/site-packages/airflow/operators/python.py", line 216, in execute_callable
    return self.python_callable(*self.op_args, **self.op_kwargs)
           ^^^^^^^^^^^^^^^^^^^^^^^^^^^^^^^^^^^^^^^^^^^^^^^^^^^^^
  File "/opt/airflow/dags/bse_announcements_dag.py", line 66, in process_announcements
    recent = storage.get_recent_announcements(limit=100)
             ^^^^^^^^^^^^^^^^^^^^^^^^^^^^^^^^
AttributeError: 'Storage' object has no attribute 'get_recent_announcements'
[2026-02-12T11:30:06.206+0000] {taskinstance.py:1138} INFO - Marking task as UP_FOR_RETRY. dag_id=bse_announcements_pipeline, task_id=process_announcements, execution_date=20260212T112500, start_date=20260212T113006, end_date=20260212T113006
[2026-02-12T11:30:06.209+0000] {standard_task_runner.py:107} ERROR - Failed to execute job 107 for task process_announcements ('Storage' object has no attribute 'get_recent_announcements'; 1631)
[2026-02-12T11:30:06.217+0000] {local_task_job_runner.py:234} INFO - Task exited with return code 1
[2026-02-12T11:30:06.225+0000] {taskinstance.py:3280} INFO - 0 downstream tasks scheduled from follow-on schedule check
