[2026-02-12T09:10:21.217+0000] {taskinstance.py:1956} INFO - Dependencies all met for dep_context=non-requeueable deps ti=<TaskInstance: bse_announcements_pipeline.fetch_announcements scheduled__2026-02-12T09:00:00+00:00 [queued]>
[2026-02-12T09:10:21.219+0000] {taskinstance.py:1956} INFO - Dependencies all met for dep_context=requeueable deps ti=<TaskInstance: bse_announcements_pipeline.fetch_announcements scheduled__2026-02-12T09:00:00+00:00 [queued]>
[2026-02-12T09:10:21.219+0000] {taskinstance.py:2170} INFO - Starting attempt 2 of 3
[2026-02-12T09:10:21.224+0000] {taskinstance.py:2191} INFO - Executing <Task(PythonOperator): fetch_announcements> on 2026-02-12 09:00:00+00:00
[2026-02-12T09:10:21.226+0000] {standard_task_runner.py:60} INFO - Started process 470 to run task
[2026-02-12T09:10:21.228+0000] {standard_task_runner.py:87} INFO - Running: ['airflow', 'tasks', 'run', 'bse_announcements_pipeline', 'fetch_announcements', 'scheduled__2026-02-12T09:00:00+00:00', '--job-id', '20', '--raw', '--subdir', 'DAGS_FOLDER/bse_announcements_dag.py', '--cfg-path', '/tmp/tmpr5haspgd']
[2026-02-12T09:10:21.229+0000] {standard_task_runner.py:88} INFO - Job 20: Subtask fetch_announcements
[2026-02-12T09:10:21.246+0000] {task_command.py:423} INFO - Running <TaskInstance: bse_announcements_pipeline.fetch_announcements scheduled__2026-02-12T09:00:00+00:00 [running]> on host 717813d532d8
[2026-02-12T09:10:21.265+0000] {taskinstance.py:2480} INFO - Exporting env vars: AIRFLOW_CTX_DAG_OWNER='airflow' AIRFLOW_CTX_DAG_ID='bse_announcements_pipeline' AIRFLOW_CTX_TASK_ID='fetch_announcements' AIRFLOW_CTX_EXECUTION_DATE='2026-02-12T09:00:00+00:00' AIRFLOW_CTX_TRY_NUMBER='2' AIRFLOW_CTX_DAG_RUN_ID='scheduled__2026-02-12T09:00:00+00:00'
[2026-02-12T09:10:21.331+0000] {taskinstance.py:2698} ERROR - Task failed with exception
Traceback (most recent call last):
  File "/home/airflow/.local/lib/python3.11/site-packages/airflow/models/taskinstance.py", line 433, in _execute_task
    result = execute_callable(context=context, **execute_callable_kwargs)
             ^^^^^^^^^^^^^^^^^^^^^^^^^^^^^^^^^^^^^^^^^^^^^^^^^^^^^^^^^^^^
  File "/home/airflow/.local/lib/python3.11/site-packages/airflow/operators/python.py", line 199, in execute
    return_value = self.execute_callable()
                   ^^^^^^^^^^^^^^^^^^^^^^^
  File "/home/airflow/.local/lib/python3.11/site-packages/airflow/operators/python.py", line 216, in execute_callable
    return self.python_callable(*self.op_args, **self.op_kwargs)
           ^^^^^^^^^^^^^^^^^^^^^^^^^^^^^^^^^^^^^^^^^^^^^^^^^^^^^
  File "/opt/airflow/dags/bse_announcements_dag.py", line 38, in fetch_announcements
    new_count = storage.save_announcements(announcements)
                ^^^^^^^^^^^^^^^^^^^^^^^^^^
AttributeError: 'Storage' object has no attribute 'save_announcements'
[2026-02-12T09:10:21.334+0000] {taskinstance.py:1138} INFO - Marking task as UP_FOR_RETRY. dag_id=bse_announcements_pipeline, task_id=fetch_announcements, execution_date=20260212T090000, start_date=20260212T091021, end_date=20260212T091021
[2026-02-12T09:10:21.338+0000] {standard_task_runner.py:107} ERROR - Failed to execute job 20 for task fetch_announcements ('Storage' object has no attribute 'save_announcements'; 470)
[2026-02-12T09:10:21.342+0000] {local_task_job_runner.py:234} INFO - Task exited with return code 1
[2026-02-12T09:10:21.351+0000] {taskinstance.py:3280} INFO - 0 downstream tasks scheduled from follow-on schedule check
