[2026-02-12T09:15:04.373+0000] {taskinstance.py:1956} INFO - Dependencies all met for dep_context=non-requeueable deps ti=<TaskInstance: bse_announcements_pipeline.check_new_data scheduled__2026-02-12T09:10:00+00:00 [queued]>
[2026-02-12T09:15:04.376+0000] {taskinstance.py:1956} INFO - Dependencies all met for dep_context=requeueable deps ti=<TaskInstance: bse_announcements_pipeline.check_new_data scheduled__2026-02-12T09:10:00+00:00 [queued]>
[2026-02-12T09:15:04.376+0000] {taskinstance.py:2170} INFO - Starting attempt 1 of 3
[2026-02-12T09:15:04.382+0000] {taskinstance.py:2191} INFO - Executing <Task(BranchPythonOperator): check_new_data> on 2026-02-12 09:10:00+00:00
[2026-02-12T09:15:04.384+0000] {standard_task_runner.py:60} INFO - Started process 573 to run task
[2026-02-12T09:15:04.387+0000] {standard_task_runner.py:87} INFO - Running: ['airflow', 'tasks', 'run', 'bse_announcements_pipeline', 'check_new_data', 'scheduled__2026-02-12T09:10:00+00:00', '--job-id', '25', '--raw', '--subdir', 'DAGS_FOLDER/bse_announcements_dag.py', '--cfg-path', '/tmp/tmp1qboaeqp']
[2026-02-12T09:15:04.389+0000] {standard_task_runner.py:88} INFO - Job 25: Subtask check_new_data
[2026-02-12T09:15:04.405+0000] {task_command.py:423} INFO - Running <TaskInstance: bse_announcements_pipeline.check_new_data scheduled__2026-02-12T09:10:00+00:00 [running]> on host 717813d532d8
[2026-02-12T09:15:04.426+0000] {taskinstance.py:2480} INFO - Exporting env vars: AIRFLOW_CTX_DAG_OWNER='airflow' AIRFLOW_CTX_DAG_ID='bse_announcements_pipeline' AIRFLOW_CTX_TASK_ID='check_new_data' AIRFLOW_CTX_EXECUTION_DATE='2026-02-12T09:10:00+00:00' AIRFLOW_CTX_TRY_NUMBER='1' AIRFLOW_CTX_DAG_RUN_ID='scheduled__2026-02-12T09:10:00+00:00'
[2026-02-12T09:15:04.430+0000] {python.py:201} INFO - Done. Returned value was: process_announcements
[2026-02-12T09:15:04.430+0000] {branch.py:35} INFO - Branch into process_announcements
[2026-02-12T09:15:04.430+0000] {skipmixin.py:178} INFO - Following branch process_announcements
[2026-02-12T09:15:04.432+0000] {skipmixin.py:244} INFO - Skipping tasks [('generate_statistics', -1)]
[2026-02-12T09:15:04.441+0000] {taskinstance.py:1138} INFO - Marking task as SUCCESS. dag_id=bse_announcements_pipeline, task_id=check_new_data, execution_date=20260212T091000, start_date=20260212T091504, end_date=20260212T091504
[2026-02-12T09:15:04.485+0000] {local_task_job_runner.py:234} INFO - Task exited with return code 0
[2026-02-12T09:15:04.498+0000] {taskinstance.py:3280} INFO - 1 downstream tasks scheduled from follow-on schedule check
[2026-02-12T09:16:59.764+0000] {taskinstance.py:1956} INFO - Dependencies all met for dep_context=non-requeueable deps ti=<TaskInstance: bse_announcements_pipeline.check_new_data scheduled__2026-02-12T09:10:00+00:00 [queued]>
[2026-02-12T09:16:59.767+0000] {taskinstance.py:1956} INFO - Dependencies all met for dep_context=requeueable deps ti=<TaskInstance: bse_announcements_pipeline.check_new_data scheduled__2026-02-12T09:10:00+00:00 [queued]>
[2026-02-12T09:16:59.767+0000] {taskinstance.py:2170} INFO - Starting attempt 1 of 3
[2026-02-12T09:16:59.772+0000] {taskinstance.py:2191} INFO - Executing <Task(BranchPythonOperator): check_new_data> on 2026-02-12 09:10:00+00:00
[2026-02-12T09:16:59.775+0000] {standard_task_runner.py:60} INFO - Started process 671 to run task
[2026-02-12T09:16:59.777+0000] {standard_task_runner.py:87} INFO - Running: ['airflow', 'tasks', 'run', 'bse_announcements_pipeline', 'check_new_data', 'scheduled__2026-02-12T09:10:00+00:00', '--job-id', '34', '--raw', '--subdir', 'DAGS_FOLDER/bse_announcements_dag.py', '--cfg-path', '/tmp/tmpeq04pl5x']
[2026-02-12T09:16:59.779+0000] {standard_task_runner.py:88} INFO - Job 34: Subtask check_new_data
[2026-02-12T09:16:59.804+0000] {task_command.py:423} INFO - Running <TaskInstance: bse_announcements_pipeline.check_new_data scheduled__2026-02-12T09:10:00+00:00 [running]> on host 717813d532d8
[2026-02-12T09:16:59.831+0000] {taskinstance.py:2480} INFO - Exporting env vars: AIRFLOW_CTX_DAG_OWNER='airflow' AIRFLOW_CTX_DAG_ID='bse_announcements_pipeline' AIRFLOW_CTX_TASK_ID='check_new_data' AIRFLOW_CTX_EXECUTION_DATE='2026-02-12T09:10:00+00:00' AIRFLOW_CTX_TRY_NUMBER='1' AIRFLOW_CTX_DAG_RUN_ID='scheduled__2026-02-12T09:10:00+00:00'
[2026-02-12T09:16:59.836+0000] {python.py:201} INFO - Done. Returned value was: process_announcements
[2026-02-12T09:16:59.836+0000] {branch.py:35} INFO - Branch into process_announcements
[2026-02-12T09:16:59.837+0000] {skipmixin.py:178} INFO - Following branch process_announcements
[2026-02-12T09:16:59.840+0000] {skipmixin.py:244} INFO - Skipping tasks [('generate_statistics', -1)]
[2026-02-12T09:16:59.851+0000] {taskinstance.py:1138} INFO - Marking task as SUCCESS. dag_id=bse_announcements_pipeline, task_id=check_new_data, execution_date=20260212T091000, start_date=20260212T091659, end_date=20260212T091659
[2026-02-12T09:16:59.878+0000] {local_task_job_runner.py:234} INFO - Task exited with return code 0
[2026-02-12T09:16:59.889+0000] {taskinstance.py:3280} INFO - 1 downstream tasks scheduled from follow-on schedule check
