[2026-02-13T06:20:05.509+0000] {taskinstance.py:1956} INFO - Dependencies all met for dep_context=non-requeueable deps ti=<TaskInstance: bse_announcements_pipeline.check_new_data scheduled__2026-02-13T06:15:00+00:00 [queued]>
[2026-02-13T06:20:05.512+0000] {taskinstance.py:1956} INFO - Dependencies all met for dep_context=requeueable deps ti=<TaskInstance: bse_announcements_pipeline.check_new_data scheduled__2026-02-13T06:15:00+00:00 [queued]>
[2026-02-13T06:20:05.512+0000] {taskinstance.py:2170} INFO - Starting attempt 1 of 3
[2026-02-13T06:20:05.518+0000] {taskinstance.py:2191} INFO - Executing <Task(BranchPythonOperator): check_new_data> on 2026-02-13 06:15:00+00:00
[2026-02-13T06:20:05.521+0000] {standard_task_runner.py:60} INFO - Started process 6146 to run task
[2026-02-13T06:20:05.522+0000] {standard_task_runner.py:87} INFO - Running: ['airflow', 'tasks', 'run', 'bse_announcements_pipeline', 'check_new_data', 'scheduled__2026-02-13T06:15:00+00:00', '--job-id', '414', '--raw', '--subdir', 'DAGS_FOLDER/bse_announcements_dag.py', '--cfg-path', '/tmp/tmp84ngbee6']
[2026-02-13T06:20:05.523+0000] {standard_task_runner.py:88} INFO - Job 414: Subtask check_new_data
[2026-02-13T06:20:05.539+0000] {task_command.py:423} INFO - Running <TaskInstance: bse_announcements_pipeline.check_new_data scheduled__2026-02-13T06:15:00+00:00 [running]> on host 717813d532d8
[2026-02-13T06:20:05.562+0000] {taskinstance.py:2480} INFO - Exporting env vars: AIRFLOW_CTX_DAG_OWNER='airflow' AIRFLOW_CTX_DAG_ID='bse_announcements_pipeline' AIRFLOW_CTX_TASK_ID='check_new_data' AIRFLOW_CTX_EXECUTION_DATE='2026-02-13T06:15:00+00:00' AIRFLOW_CTX_TRY_NUMBER='1' AIRFLOW_CTX_DAG_RUN_ID='scheduled__2026-02-13T06:15:00+00:00'
[2026-02-13T06:20:05.565+0000] {python.py:201} INFO - Done. Returned value was: process_announcements
[2026-02-13T06:20:05.565+0000] {branch.py:35} INFO - Branch into process_announcements
[2026-02-13T06:20:05.565+0000] {skipmixin.py:178} INFO - Following branch process_announcements
[2026-02-13T06:20:05.567+0000] {skipmixin.py:244} INFO - Skipping tasks [('generate_statistics', -1)]
[2026-02-13T06:20:05.576+0000] {taskinstance.py:1138} INFO - Marking task as SUCCESS. dag_id=bse_announcements_pipeline, task_id=check_new_data, execution_date=20260213T061500, start_date=20260213T062005, end_date=20260213T062005
[2026-02-13T06:20:05.624+0000] {local_task_job_runner.py:234} INFO - Task exited with return code 0
[2026-02-13T06:20:05.636+0000] {taskinstance.py:3280} INFO - 1 downstream tasks scheduled from follow-on schedule check
[2026-02-13T06:22:03.841+0000] {taskinstance.py:1956} INFO - Dependencies all met for dep_context=non-requeueable deps ti=<TaskInstance: bse_announcements_pipeline.check_new_data scheduled__2026-02-13T06:15:00+00:00 [queued]>
[2026-02-13T06:22:03.843+0000] {taskinstance.py:1956} INFO - Dependencies all met for dep_context=requeueable deps ti=<TaskInstance: bse_announcements_pipeline.check_new_data scheduled__2026-02-13T06:15:00+00:00 [queued]>
[2026-02-13T06:22:03.844+0000] {taskinstance.py:2170} INFO - Starting attempt 1 of 3
[2026-02-13T06:22:03.849+0000] {taskinstance.py:2191} INFO - Executing <Task(BranchPythonOperator): check_new_data> on 2026-02-13 06:15:00+00:00
[2026-02-13T06:22:03.852+0000] {standard_task_runner.py:60} INFO - Started process 91 to run task
[2026-02-13T06:22:03.855+0000] {standard_task_runner.py:87} INFO - Running: ['airflow', 'tasks', 'run', 'bse_announcements_pipeline', 'check_new_data', 'scheduled__2026-02-13T06:15:00+00:00', '--job-id', '4', '--raw', '--subdir', 'DAGS_FOLDER/bse_announcements_dag.py', '--cfg-path', '/tmp/tmp0sxb8d4g']
[2026-02-13T06:22:03.857+0000] {standard_task_runner.py:88} INFO - Job 4: Subtask check_new_data
[2026-02-13T06:22:03.884+0000] {task_command.py:423} INFO - Running <TaskInstance: bse_announcements_pipeline.check_new_data scheduled__2026-02-13T06:15:00+00:00 [running]> on host 6d875bdd32cc
[2026-02-13T06:22:03.914+0000] {taskinstance.py:2480} INFO - Exporting env vars: AIRFLOW_CTX_DAG_OWNER='airflow' AIRFLOW_CTX_DAG_ID='bse_announcements_pipeline' AIRFLOW_CTX_TASK_ID='check_new_data' AIRFLOW_CTX_EXECUTION_DATE='2026-02-13T06:15:00+00:00' AIRFLOW_CTX_TRY_NUMBER='1' AIRFLOW_CTX_DAG_RUN_ID='scheduled__2026-02-13T06:15:00+00:00'
[2026-02-13T06:22:03.919+0000] {python.py:201} INFO - Done. Returned value was: process_announcements
[2026-02-13T06:22:03.919+0000] {branch.py:35} INFO - Branch into process_announcements
[2026-02-13T06:22:03.919+0000] {skipmixin.py:178} INFO - Following branch process_announcements
[2026-02-13T06:22:03.922+0000] {skipmixin.py:244} INFO - Skipping tasks [('generate_statistics', -1)]
[2026-02-13T06:22:03.932+0000] {taskinstance.py:1138} INFO - Marking task as SUCCESS. dag_id=bse_announcements_pipeline, task_id=check_new_data, execution_date=20260213T061500, start_date=20260213T062203, end_date=20260213T062203
[2026-02-13T06:22:03.952+0000] {local_task_job_runner.py:234} INFO - Task exited with return code 0
[2026-02-13T06:22:03.964+0000] {taskinstance.py:3280} INFO - 1 downstream tasks scheduled from follow-on schedule check
