[2026-02-12T11:45:07.976+0000] {taskinstance.py:1956} INFO - Dependencies all met for dep_context=non-requeueable deps ti=<TaskInstance: bse_announcements_pipeline.process_announcements scheduled__2026-02-12T11:35:00+00:00 [queued]>
[2026-02-12T11:45:07.979+0000] {taskinstance.py:1956} INFO - Dependencies all met for dep_context=requeueable deps ti=<TaskInstance: bse_announcements_pipeline.process_announcements scheduled__2026-02-12T11:35:00+00:00 [queued]>
[2026-02-12T11:45:07.979+0000] {taskinstance.py:2170} INFO - Starting attempt 2 of 3
[2026-02-12T11:45:07.984+0000] {taskinstance.py:2191} INFO - Executing <Task(PythonOperator): process_announcements> on 2026-02-12 11:35:00+00:00
[2026-02-12T11:45:07.987+0000] {standard_task_runner.py:60} INFO - Started process 1850 to run task
[2026-02-12T11:45:07.989+0000] {standard_task_runner.py:87} INFO - Running: ['airflow', 'tasks', 'run', 'bse_announcements_pipeline', 'process_announcements', 'scheduled__2026-02-12T11:35:00+00:00', '--job-id', '123', '--raw', '--subdir', 'DAGS_FOLDER/bse_announcements_dag.py', '--cfg-path', '/tmp/tmp1vct2sfo']
[2026-02-12T11:45:07.990+0000] {standard_task_runner.py:88} INFO - Job 123: Subtask process_announcements
[2026-02-12T11:45:08.007+0000] {task_command.py:423} INFO - Running <TaskInstance: bse_announcements_pipeline.process_announcements scheduled__2026-02-12T11:35:00+00:00 [running]> on host 717813d532d8
[2026-02-12T11:45:08.028+0000] {taskinstance.py:2480} INFO - Exporting env vars: AIRFLOW_CTX_DAG_OWNER='airflow' AIRFLOW_CTX_DAG_ID='bse_announcements_pipeline' AIRFLOW_CTX_TASK_ID='process_announcements' AIRFLOW_CTX_EXECUTION_DATE='2026-02-12T11:35:00+00:00' AIRFLOW_CTX_TRY_NUMBER='2' AIRFLOW_CTX_DAG_RUN_ID='scheduled__2026-02-12T11:35:00+00:00'
[2026-02-12T11:45:08.031+0000] {taskinstance.py:2698} ERROR - Task failed with exception
Traceback (most recent call last):
  File "/home/airflow/.local/lib/python3.11/site-packages/airflow/models/taskinstance.py", line 433, in _execute_task
    result = execute_callable(context=context, **execute_callable_kwargs)
             ^^^^^^^^^^^^^^^^^^^^^^^^^^^^^^^^^^^^^^^^^^^^^^^^^^^^^^^^^^^^
  File "/home/airflow/.local/lib/python3.11/site-packages/airflow/operators/python.py", line 199, in execute
    return_value = self.execute_callable()
                   ^^^^^^^^^^^^^^^^^^^^^^^
  File "/home/airflow/.local/lib/python3.11/site-packages/airflow/operators/python.py", line 216, in execute_callable
    return self.python_callable(*self.op_args, **self.op_kwargs)
           ^^^^^^^^^^^^^^^^^^^^^^^^^^^^^^^^^^^^^^^^^^^^^^^^^^^^^
  File "/opt/airflow/dags/bse_announcements_dag.py", line 66, in process_announcements
    recent = storage.get_recent_announcements(limit=100)
             ^^^^^^^^^^^^^^^^^^^^^^^^^^^^^^^^
AttributeError: 'Storage' object has no attribute 'get_recent_announcements'
[2026-02-12T11:45:08.033+0000] {taskinstance.py:1138} INFO - Marking task as UP_FOR_RETRY. dag_id=bse_announcements_pipeline, task_id=process_announcements, execution_date=20260212T113500, start_date=20260212T114507, end_date=20260212T114508
[2026-02-12T11:45:08.037+0000] {standard_task_runner.py:107} ERROR - Failed to execute job 123 for task process_announcements ('Storage' object has no attribute 'get_recent_announcements'; 1850)
[2026-02-12T11:45:08.046+0000] {local_task_job_runner.py:234} INFO - Task exited with return code 1
[2026-02-12T11:45:08.055+0000] {taskinstance.py:3280} INFO - 0 downstream tasks scheduled from follow-on schedule check
