[2026-02-12T08:28:02.776+0000] {taskinstance.py:1956} INFO - Dependencies all met for dep_context=non-requeueable deps ti=<TaskInstance: bse_announcements_pipeline.fetch_announcements scheduled__2026-02-11T14:00:00+00:00 [queued]>
[2026-02-12T08:28:02.778+0000] {taskinstance.py:1956} INFO - Dependencies all met for dep_context=requeueable deps ti=<TaskInstance: bse_announcements_pipeline.fetch_announcements scheduled__2026-02-11T14:00:00+00:00 [queued]>
[2026-02-12T08:28:02.778+0000] {taskinstance.py:2170} INFO - Starting attempt 1 of 3
[2026-02-12T08:28:02.783+0000] {taskinstance.py:2191} INFO - Executing <Task(PythonOperator): fetch_announcements> on 2026-02-11 14:00:00+00:00
[2026-02-12T08:28:02.787+0000] {standard_task_runner.py:60} INFO - Started process 121 to run task
[2026-02-12T08:28:02.789+0000] {standard_task_runner.py:87} INFO - Running: ['airflow', 'tasks', 'run', 'bse_announcements_pipeline', 'fetch_announcements', 'scheduled__2026-02-11T14:00:00+00:00', '--job-id', '3', '--raw', '--subdir', 'DAGS_FOLDER/bse_announcements_dag.py', '--cfg-path', '/tmp/tmpfuorsagl']
[2026-02-12T08:28:02.791+0000] {standard_task_runner.py:88} INFO - Job 3: Subtask fetch_announcements
[2026-02-12T08:28:02.812+0000] {task_command.py:423} INFO - Running <TaskInstance: bse_announcements_pipeline.fetch_announcements scheduled__2026-02-11T14:00:00+00:00 [running]> on host 717813d532d8
[2026-02-12T08:28:02.837+0000] {taskinstance.py:2480} INFO - Exporting env vars: AIRFLOW_CTX_DAG_OWNER='airflow' AIRFLOW_CTX_DAG_ID='bse_announcements_pipeline' AIRFLOW_CTX_TASK_ID='fetch_announcements' AIRFLOW_CTX_EXECUTION_DATE='2026-02-11T14:00:00+00:00' AIRFLOW_CTX_TRY_NUMBER='1' AIRFLOW_CTX_DAG_RUN_ID='scheduled__2026-02-11T14:00:00+00:00'
[2026-02-12T08:28:02.970+0000] {taskinstance.py:2698} ERROR - Task failed with exception
Traceback (most recent call last):
  File "/home/airflow/.local/lib/python3.11/site-packages/airflow/models/taskinstance.py", line 433, in _execute_task
    result = execute_callable(context=context, **execute_callable_kwargs)
             ^^^^^^^^^^^^^^^^^^^^^^^^^^^^^^^^^^^^^^^^^^^^^^^^^^^^^^^^^^^^
  File "/home/airflow/.local/lib/python3.11/site-packages/airflow/operators/python.py", line 199, in execute
    return_value = self.execute_callable()
                   ^^^^^^^^^^^^^^^^^^^^^^^
  File "/home/airflow/.local/lib/python3.11/site-packages/airflow/operators/python.py", line 216, in execute_callable
    return self.python_callable(*self.op_args, **self.op_kwargs)
           ^^^^^^^^^^^^^^^^^^^^^^^^^^^^^^^^^^^^^^^^^^^^^^^^^^^^^
  File "/opt/airflow/dags/bse_announcements_dag.py", line 38, in fetch_announcements
    new_count = storage.save_announcements(announcements)
                ^^^^^^^^^^^^^^^^^^^^^^^^^^
AttributeError: 'Storage' object has no attribute 'save_announcements'
[2026-02-12T08:28:02.974+0000] {taskinstance.py:1138} INFO - Marking task as UP_FOR_RETRY. dag_id=bse_announcements_pipeline, task_id=fetch_announcements, execution_date=20260211T140000, start_date=20260212T082802, end_date=20260212T082802
[2026-02-12T08:28:02.978+0000] {standard_task_runner.py:107} ERROR - Failed to execute job 3 for task fetch_announcements ('Storage' object has no attribute 'save_announcements'; 121)
[2026-02-12T08:28:03.018+0000] {local_task_job_runner.py:234} INFO - Task exited with return code 1
[2026-02-12T08:28:03.030+0000] {taskinstance.py:3280} INFO - 0 downstream tasks scheduled from follow-on schedule check
