[2026-02-13T06:20:07.512+0000] {taskinstance.py:1956} INFO - Dependencies all met for dep_context=non-requeueable deps ti=<TaskInstance: bse_announcements_pipeline.process_announcements scheduled__2026-02-13T06:15:00+00:00 [queued]>
[2026-02-13T06:20:07.517+0000] {taskinstance.py:1956} INFO - Dependencies all met for dep_context=requeueable deps ti=<TaskInstance: bse_announcements_pipeline.process_announcements scheduled__2026-02-13T06:15:00+00:00 [queued]>
[2026-02-13T06:20:07.517+0000] {taskinstance.py:2170} INFO - Starting attempt 1 of 3
[2026-02-13T06:20:07.523+0000] {taskinstance.py:2191} INFO - Executing <Task(PythonOperator): process_announcements> on 2026-02-13 06:15:00+00:00
[2026-02-13T06:20:07.527+0000] {standard_task_runner.py:60} INFO - Started process 6156 to run task
[2026-02-13T06:20:07.529+0000] {standard_task_runner.py:87} INFO - Running: ['airflow', 'tasks', 'run', 'bse_announcements_pipeline', 'process_announcements', 'scheduled__2026-02-13T06:15:00+00:00', '--job-id', '415', '--raw', '--subdir', 'DAGS_FOLDER/bse_announcements_dag.py', '--cfg-path', '/tmp/tmpbkunfppj']
[2026-02-13T06:20:07.530+0000] {standard_task_runner.py:88} INFO - Job 415: Subtask process_announcements
[2026-02-13T06:20:07.550+0000] {task_command.py:423} INFO - Running <TaskInstance: bse_announcements_pipeline.process_announcements scheduled__2026-02-13T06:15:00+00:00 [running]> on host 717813d532d8
[2026-02-13T06:20:07.578+0000] {taskinstance.py:2480} INFO - Exporting env vars: AIRFLOW_CTX_DAG_OWNER='airflow' AIRFLOW_CTX_DAG_ID='bse_announcements_pipeline' AIRFLOW_CTX_TASK_ID='process_announcements' AIRFLOW_CTX_EXECUTION_DATE='2026-02-13T06:15:00+00:00' AIRFLOW_CTX_TRY_NUMBER='1' AIRFLOW_CTX_DAG_RUN_ID='scheduled__2026-02-13T06:15:00+00:00'
[2026-02-13T06:20:07.584+0000] {logging_mixin.py:188} INFO - Processing 100 recent announcements
[2026-02-13T06:20:07.584+0000] {logging_mixin.py:188} INFO - Categories: {'Company Update': 78, 'Result': 8, 'Corp. Action': 1, ' Corp Action': 1, 'Board Meeting': 8, 'Others': 2, 'Insider Trading / SAST': 1, 'AGM/EGM': 1}
[2026-02-13T06:20:07.585+0000] {logging_mixin.py:188} INFO - Top 10 companies: [('522064', 7), ('532430', 3), ('500940', 2), ('530571', 2), ('532712', 2), ('506197', 2), ('531033', 2), ('540686', 2), ('538731', 2), ('531768', 2)]
[2026-02-13T06:20:07.585+0000] {python.py:201} INFO - Done. Returned value was: None
[2026-02-13T06:20:07.587+0000] {taskinstance.py:1138} INFO - Marking task as SUCCESS. dag_id=bse_announcements_pipeline, task_id=process_announcements, execution_date=20260213T061500, start_date=20260213T062007, end_date=20260213T062007
[2026-02-13T06:20:07.627+0000] {local_task_job_runner.py:234} INFO - Task exited with return code 0
[2026-02-13T06:20:07.635+0000] {taskinstance.py:3280} INFO - 0 downstream tasks scheduled from follow-on schedule check
[2026-02-13T06:22:05.589+0000] {taskinstance.py:1956} INFO - Dependencies all met for dep_context=non-requeueable deps ti=<TaskInstance: bse_announcements_pipeline.process_announcements scheduled__2026-02-13T06:15:00+00:00 [queued]>
[2026-02-13T06:22:05.593+0000] {taskinstance.py:1956} INFO - Dependencies all met for dep_context=requeueable deps ti=<TaskInstance: bse_announcements_pipeline.process_announcements scheduled__2026-02-13T06:15:00+00:00 [queued]>
[2026-02-13T06:22:05.593+0000] {taskinstance.py:2170} INFO - Starting attempt 1 of 3
[2026-02-13T06:22:05.599+0000] {taskinstance.py:2191} INFO - Executing <Task(PythonOperator): process_announcements> on 2026-02-13 06:15:00+00:00
[2026-02-13T06:22:05.601+0000] {standard_task_runner.py:60} INFO - Started process 102 to run task
[2026-02-13T06:22:05.609+0000] {standard_task_runner.py:87} INFO - Running: ['airflow', 'tasks', 'run', 'bse_announcements_pipeline', 'process_announcements', 'scheduled__2026-02-13T06:15:00+00:00', '--job-id', '5', '--raw', '--subdir', 'DAGS_FOLDER/bse_announcements_dag.py', '--cfg-path', '/tmp/tmpbvpdj3h7']
[2026-02-13T06:22:05.614+0000] {standard_task_runner.py:88} INFO - Job 5: Subtask process_announcements
[2026-02-13T06:22:05.642+0000] {task_command.py:423} INFO - Running <TaskInstance: bse_announcements_pipeline.process_announcements scheduled__2026-02-13T06:15:00+00:00 [running]> on host 6d875bdd32cc
[2026-02-13T06:22:05.673+0000] {taskinstance.py:2480} INFO - Exporting env vars: AIRFLOW_CTX_DAG_OWNER='airflow' AIRFLOW_CTX_DAG_ID='bse_announcements_pipeline' AIRFLOW_CTX_TASK_ID='process_announcements' AIRFLOW_CTX_EXECUTION_DATE='2026-02-13T06:15:00+00:00' AIRFLOW_CTX_TRY_NUMBER='1' AIRFLOW_CTX_DAG_RUN_ID='scheduled__2026-02-13T06:15:00+00:00'
[2026-02-13T06:22:05.681+0000] {logging_mixin.py:188} INFO - Processing 100 recent announcements
[2026-02-13T06:22:05.682+0000] {logging_mixin.py:188} INFO - Categories: {'Company Update': 77, 'Board Meeting': 9, 'Result': 8, 'Corp. Action': 1, ' Corp Action': 1, 'Others': 2, 'Insider Trading / SAST': 1, 'AGM/EGM': 1}
[2026-02-13T06:22:05.682+0000] {logging_mixin.py:188} INFO - Top 10 companies: [('522064', 7), ('532430', 4), ('500940', 2), ('530571', 2), ('532712', 2), ('506197', 2), ('531033', 2), ('540686', 2), ('538731', 2), ('531768', 2)]
[2026-02-13T06:22:05.682+0000] {python.py:201} INFO - Done. Returned value was: None
[2026-02-13T06:22:05.684+0000] {taskinstance.py:1138} INFO - Marking task as SUCCESS. dag_id=bse_announcements_pipeline, task_id=process_announcements, execution_date=20260213T061500, start_date=20260213T062205, end_date=20260213T062205
[2026-02-13T06:22:05.708+0000] {local_task_job_runner.py:234} INFO - Task exited with return code 0
[2026-02-13T06:22:05.720+0000] {taskinstance.py:3280} INFO - 0 downstream tasks scheduled from follow-on schedule check
