[2026-02-13T06:20:02.977+0000] {taskinstance.py:1956} INFO - Dependencies all met for dep_context=non-requeueable deps ti=<TaskInstance: bse_announcements_pipeline.fetch_announcements scheduled__2026-02-13T06:15:00+00:00 [queued]>
[2026-02-13T06:20:02.980+0000] {taskinstance.py:1956} INFO - Dependencies all met for dep_context=requeueable deps ti=<TaskInstance: bse_announcements_pipeline.fetch_announcements scheduled__2026-02-13T06:15:00+00:00 [queued]>
[2026-02-13T06:20:02.980+0000] {taskinstance.py:2170} INFO - Starting attempt 1 of 3
[2026-02-13T06:20:02.986+0000] {taskinstance.py:2191} INFO - Executing <Task(PythonOperator): fetch_announcements> on 2026-02-13 06:15:00+00:00
[2026-02-13T06:20:02.990+0000] {standard_task_runner.py:60} INFO - Started process 6136 to run task
[2026-02-13T06:20:02.994+0000] {standard_task_runner.py:87} INFO - Running: ['airflow', 'tasks', 'run', 'bse_announcements_pipeline', 'fetch_announcements', 'scheduled__2026-02-13T06:15:00+00:00', '--job-id', '413', '--raw', '--subdir', 'DAGS_FOLDER/bse_announcements_dag.py', '--cfg-path', '/tmp/tmpc8praufi']
[2026-02-13T06:20:02.996+0000] {standard_task_runner.py:88} INFO - Job 413: Subtask fetch_announcements
[2026-02-13T06:20:03.028+0000] {task_command.py:423} INFO - Running <TaskInstance: bse_announcements_pipeline.fetch_announcements scheduled__2026-02-13T06:15:00+00:00 [running]> on host 717813d532d8
[2026-02-13T06:20:03.061+0000] {taskinstance.py:2480} INFO - Exporting env vars: AIRFLOW_CTX_DAG_OWNER='airflow' AIRFLOW_CTX_DAG_ID='bse_announcements_pipeline' AIRFLOW_CTX_TASK_ID='fetch_announcements' AIRFLOW_CTX_EXECUTION_DATE='2026-02-13T06:15:00+00:00' AIRFLOW_CTX_TRY_NUMBER='1' AIRFLOW_CTX_DAG_RUN_ID='scheduled__2026-02-13T06:15:00+00:00'
[2026-02-13T06:20:03.838+0000] {logging_mixin.py:188} INFO - Fetched 50 announcements, 6 new
[2026-02-13T06:20:03.838+0000] {python.py:201} INFO - Done. Returned value was: None
[2026-02-13T06:20:03.841+0000] {taskinstance.py:1138} INFO - Marking task as SUCCESS. dag_id=bse_announcements_pipeline, task_id=fetch_announcements, execution_date=20260213T061500, start_date=20260213T062002, end_date=20260213T062003
[2026-02-13T06:20:03.887+0000] {local_task_job_runner.py:234} INFO - Task exited with return code 0
[2026-02-13T06:20:03.899+0000] {taskinstance.py:3280} INFO - 1 downstream tasks scheduled from follow-on schedule check
[2026-02-13T06:22:01.658+0000] {taskinstance.py:1956} INFO - Dependencies all met for dep_context=non-requeueable deps ti=<TaskInstance: bse_announcements_pipeline.fetch_announcements scheduled__2026-02-13T06:15:00+00:00 [queued]>
[2026-02-13T06:22:01.666+0000] {taskinstance.py:1956} INFO - Dependencies all met for dep_context=requeueable deps ti=<TaskInstance: bse_announcements_pipeline.fetch_announcements scheduled__2026-02-13T06:15:00+00:00 [queued]>
[2026-02-13T06:22:01.666+0000] {taskinstance.py:2170} INFO - Starting attempt 1 of 3
[2026-02-13T06:22:01.684+0000] {taskinstance.py:2191} INFO - Executing <Task(PythonOperator): fetch_announcements> on 2026-02-13 06:15:00+00:00
[2026-02-13T06:22:01.688+0000] {standard_task_runner.py:60} INFO - Started process 81 to run task
[2026-02-13T06:22:01.693+0000] {standard_task_runner.py:87} INFO - Running: ['airflow', 'tasks', 'run', 'bse_announcements_pipeline', 'fetch_announcements', 'scheduled__2026-02-13T06:15:00+00:00', '--job-id', '3', '--raw', '--subdir', 'DAGS_FOLDER/bse_announcements_dag.py', '--cfg-path', '/tmp/tmpud_gg9eh']
[2026-02-13T06:22:01.695+0000] {standard_task_runner.py:88} INFO - Job 3: Subtask fetch_announcements
[2026-02-13T06:22:01.745+0000] {task_command.py:423} INFO - Running <TaskInstance: bse_announcements_pipeline.fetch_announcements scheduled__2026-02-13T06:15:00+00:00 [running]> on host 6d875bdd32cc
[2026-02-13T06:22:01.790+0000] {taskinstance.py:2480} INFO - Exporting env vars: AIRFLOW_CTX_DAG_OWNER='airflow' AIRFLOW_CTX_DAG_ID='bse_announcements_pipeline' AIRFLOW_CTX_TASK_ID='fetch_announcements' AIRFLOW_CTX_EXECUTION_DATE='2026-02-13T06:15:00+00:00' AIRFLOW_CTX_TRY_NUMBER='1' AIRFLOW_CTX_DAG_RUN_ID='scheduled__2026-02-13T06:15:00+00:00'
[2026-02-13T06:22:02.079+0000] {logging_mixin.py:188} INFO - Fetched 50 announcements, 4 new
[2026-02-13T06:22:02.079+0000] {python.py:201} INFO - Done. Returned value was: None
[2026-02-13T06:22:02.081+0000] {taskinstance.py:1138} INFO - Marking task as SUCCESS. dag_id=bse_announcements_pipeline, task_id=fetch_announcements, execution_date=20260213T061500, start_date=20260213T062201, end_date=20260213T062202
[2026-02-13T06:22:02.090+0000] {local_task_job_runner.py:234} INFO - Task exited with return code 0
[2026-02-13T06:22:02.101+0000] {taskinstance.py:3280} INFO - 1 downstream tasks scheduled from follow-on schedule check
