[2026-02-12T09:15:02.532+0000] {taskinstance.py:1956} INFO - Dependencies all met for dep_context=non-requeueable deps ti=<TaskInstance: bse_announcements_pipeline.fetch_announcements scheduled__2026-02-12T09:10:00+00:00 [queued]>
[2026-02-12T09:15:02.534+0000] {taskinstance.py:1956} INFO - Dependencies all met for dep_context=requeueable deps ti=<TaskInstance: bse_announcements_pipeline.fetch_announcements scheduled__2026-02-12T09:10:00+00:00 [queued]>
[2026-02-12T09:15:02.534+0000] {taskinstance.py:2170} INFO - Starting attempt 1 of 3
[2026-02-12T09:15:02.541+0000] {taskinstance.py:2191} INFO - Executing <Task(PythonOperator): fetch_announcements> on 2026-02-12 09:10:00+00:00
[2026-02-12T09:15:02.544+0000] {standard_task_runner.py:60} INFO - Started process 563 to run task
[2026-02-12T09:15:02.547+0000] {standard_task_runner.py:87} INFO - Running: ['airflow', 'tasks', 'run', 'bse_announcements_pipeline', 'fetch_announcements', 'scheduled__2026-02-12T09:10:00+00:00', '--job-id', '24', '--raw', '--subdir', 'DAGS_FOLDER/bse_announcements_dag.py', '--cfg-path', '/tmp/tmpo7n7a71q']
[2026-02-12T09:15:02.548+0000] {standard_task_runner.py:88} INFO - Job 24: Subtask fetch_announcements
[2026-02-12T09:15:02.572+0000] {task_command.py:423} INFO - Running <TaskInstance: bse_announcements_pipeline.fetch_announcements scheduled__2026-02-12T09:10:00+00:00 [running]> on host 717813d532d8
[2026-02-12T09:15:02.600+0000] {taskinstance.py:2480} INFO - Exporting env vars: AIRFLOW_CTX_DAG_OWNER='airflow' AIRFLOW_CTX_DAG_ID='bse_announcements_pipeline' AIRFLOW_CTX_TASK_ID='fetch_announcements' AIRFLOW_CTX_EXECUTION_DATE='2026-02-12T09:10:00+00:00' AIRFLOW_CTX_TRY_NUMBER='1' AIRFLOW_CTX_DAG_RUN_ID='scheduled__2026-02-12T09:10:00+00:00'
[2026-02-12T09:15:02.760+0000] {logging_mixin.py:188} INFO - Fetched 50 announcements, 50 new
[2026-02-12T09:15:02.760+0000] {python.py:201} INFO - Done. Returned value was: None
[2026-02-12T09:15:02.762+0000] {taskinstance.py:1138} INFO - Marking task as SUCCESS. dag_id=bse_announcements_pipeline, task_id=fetch_announcements, execution_date=20260212T091000, start_date=20260212T091502, end_date=20260212T091502
[2026-02-12T09:15:02.780+0000] {local_task_job_runner.py:234} INFO - Task exited with return code 0
[2026-02-12T09:15:02.790+0000] {taskinstance.py:3280} INFO - 1 downstream tasks scheduled from follow-on schedule check
[2026-02-12T09:16:57.669+0000] {taskinstance.py:1956} INFO - Dependencies all met for dep_context=non-requeueable deps ti=<TaskInstance: bse_announcements_pipeline.fetch_announcements scheduled__2026-02-12T09:10:00+00:00 [queued]>
[2026-02-12T09:16:57.672+0000] {taskinstance.py:1956} INFO - Dependencies all met for dep_context=requeueable deps ti=<TaskInstance: bse_announcements_pipeline.fetch_announcements scheduled__2026-02-12T09:10:00+00:00 [queued]>
[2026-02-12T09:16:57.672+0000] {taskinstance.py:2170} INFO - Starting attempt 1 of 3
[2026-02-12T09:16:57.678+0000] {taskinstance.py:2191} INFO - Executing <Task(PythonOperator): fetch_announcements> on 2026-02-12 09:10:00+00:00
[2026-02-12T09:16:57.682+0000] {standard_task_runner.py:60} INFO - Started process 661 to run task
[2026-02-12T09:16:57.684+0000] {standard_task_runner.py:87} INFO - Running: ['airflow', 'tasks', 'run', 'bse_announcements_pipeline', 'fetch_announcements', 'scheduled__2026-02-12T09:10:00+00:00', '--job-id', '33', '--raw', '--subdir', 'DAGS_FOLDER/bse_announcements_dag.py', '--cfg-path', '/tmp/tmp4z6yes0c']
[2026-02-12T09:16:57.686+0000] {standard_task_runner.py:88} INFO - Job 33: Subtask fetch_announcements
[2026-02-12T09:16:57.708+0000] {task_command.py:423} INFO - Running <TaskInstance: bse_announcements_pipeline.fetch_announcements scheduled__2026-02-12T09:10:00+00:00 [running]> on host 717813d532d8
[2026-02-12T09:16:57.732+0000] {taskinstance.py:2480} INFO - Exporting env vars: AIRFLOW_CTX_DAG_OWNER='airflow' AIRFLOW_CTX_DAG_ID='bse_announcements_pipeline' AIRFLOW_CTX_TASK_ID='fetch_announcements' AIRFLOW_CTX_EXECUTION_DATE='2026-02-12T09:10:00+00:00' AIRFLOW_CTX_TRY_NUMBER='1' AIRFLOW_CTX_DAG_RUN_ID='scheduled__2026-02-12T09:10:00+00:00'
[2026-02-12T09:16:57.970+0000] {logging_mixin.py:188} INFO - Fetched 50 announcements, 50 new
[2026-02-12T09:16:57.970+0000] {python.py:201} INFO - Done. Returned value was: None
[2026-02-12T09:16:57.972+0000] {taskinstance.py:1138} INFO - Marking task as SUCCESS. dag_id=bse_announcements_pipeline, task_id=fetch_announcements, execution_date=20260212T091000, start_date=20260212T091657, end_date=20260212T091657
[2026-02-12T09:16:57.988+0000] {local_task_job_runner.py:234} INFO - Task exited with return code 0
[2026-02-12T09:16:57.998+0000] {taskinstance.py:3280} INFO - 1 downstream tasks scheduled from follow-on schedule check
